2020-04-09 12:12:25,791 - Trying to use logger class org.apache.velocity.runtime.log.Log4JLogChute
2020-04-09 12:12:25,792 - Using logger class org.apache.velocity.runtime.log.Log4JLogChute
2020-04-09 12:12:25,795 - ResourceLoader instantiated: org.apache.velocity.runtime.resource.loader.ClasspathResourceLoader
2020-04-09 12:12:25,809 - ResourceCache: initialized (class org.apache.velocity.runtime.resource.ResourceCacheImpl) with class java.util.Collections$SynchronizedMap cache map.
2020-04-09 12:12:25,811 - Loaded System Directive: org.apache.velocity.runtime.directive.Stop
2020-04-09 12:12:25,812 - Loaded System Directive: org.apache.velocity.runtime.directive.Define
2020-04-09 12:12:25,812 - Loaded System Directive: org.apache.velocity.runtime.directive.Break
2020-04-09 12:12:25,813 - Loaded System Directive: org.apache.velocity.runtime.directive.Evaluate
2020-04-09 12:12:25,813 - Loaded System Directive: org.apache.velocity.runtime.directive.Literal
2020-04-09 12:12:25,814 - Loaded System Directive: org.apache.velocity.runtime.directive.Macro
2020-04-09 12:12:25,815 - Loaded System Directive: org.apache.velocity.runtime.directive.Parse
2020-04-09 12:12:25,816 - Loaded System Directive: org.apache.velocity.runtime.directive.Include
2020-04-09 12:12:25,817 - Loaded System Directive: org.apache.velocity.runtime.directive.Foreach
2020-04-09 12:12:25,842 - Created '20' parsers.
2020-04-09 12:12:25,846 - Velocimacro : "velocimacro.library" is not set.  Trying default library: VM_global_library.vm
2020-04-09 12:12:25,848 - Could not load resource 'VM_global_library.vm' from ResourceLoader org.apache.velocity.runtime.resource.loader.ClasspathResourceLoader: ClasspathResourceLoader Error: cannot find resource VM_global_library.vm
2020-04-09 12:12:25,848 - Velocimacro : Default library not found.
2020-04-09 12:12:25,848 - Velocimacro : allowInline = true : VMs can be defined inline in templates
2020-04-09 12:12:25,848 - Velocimacro : allowInlineToOverride = false : VMs defined inline may NOT replace previous VM definitions
2020-04-09 12:12:25,849 - Velocimacro : allowInlineLocal = false : VMs defined inline will be global in scope if allowed.
2020-04-09 12:12:25,849 - Velocimacro : autoload off : VM system will not automatically reload global library macros
2020-04-09 12:12:25,860 - ResourceManager : found templates/usersignup.vtl with loader org.apache.velocity.runtime.resource.loader.ClasspathResourceLoader
2020-04-09 12:12:30,327 - ResourceManager : found templates/usersignup.vtl with loader org.apache.velocity.runtime.resource.loader.ClasspathResourceLoader
2020-04-09 12:13:19,216 - Log4JLogChute initialized using file 'velocity.log'
2020-04-09 12:13:19,216 - Initializing Velocity, Calling init()...
2020-04-09 12:13:19,216 - Starting Apache Velocity v1.7 (compiled: 2010-11-19 12:14:37)
2020-04-09 12:13:19,216 - Default Properties File: org/apache/velocity/runtime/defaults/velocity.properties
2020-04-09 12:13:19,216 - Trying to use logger class org.apache.velocity.runtime.log.AvalonLogChute
2020-04-09 12:13:19,216 - Target log system for org.apache.velocity.runtime.log.AvalonLogChute is not available (java.lang.NoClassDefFoundError: org/apache/log/format/Formatter).  Falling back to next log system...
2020-04-09 12:13:19,216 - Trying to use logger class org.apache.velocity.runtime.log.Log4JLogChute
2020-04-09 12:13:19,216 - Using logger class org.apache.velocity.runtime.log.Log4JLogChute
2020-04-09 12:13:19,219 - ResourceLoader instantiated: org.apache.velocity.runtime.resource.loader.ClasspathResourceLoader
2020-04-09 12:13:19,227 - ResourceCache: initialized (class org.apache.velocity.runtime.resource.ResourceCacheImpl) with class java.util.Collections$SynchronizedMap cache map.
2020-04-09 12:13:19,228 - Loaded System Directive: org.apache.velocity.runtime.directive.Stop
2020-04-09 12:13:19,229 - Loaded System Directive: org.apache.velocity.runtime.directive.Define
2020-04-09 12:13:19,229 - Loaded System Directive: org.apache.velocity.runtime.directive.Break
2020-04-09 12:13:19,230 - Loaded System Directive: org.apache.velocity.runtime.directive.Evaluate
2020-04-09 12:13:19,230 - Loaded System Directive: org.apache.velocity.runtime.directive.Literal
2020-04-09 12:13:19,231 - Loaded System Directive: org.apache.velocity.runtime.directive.Macro
2020-04-09 12:13:19,232 - Loaded System Directive: org.apache.velocity.runtime.directive.Parse
2020-04-09 12:13:19,232 - Loaded System Directive: org.apache.velocity.runtime.directive.Include
2020-04-09 12:13:19,233 - Loaded System Directive: org.apache.velocity.runtime.directive.Foreach
2020-04-09 12:13:19,255 - Created '20' parsers.
2020-04-09 12:13:19,257 - Velocimacro : "velocimacro.library" is not set.  Trying default library: VM_global_library.vm
2020-04-09 12:13:19,258 - Could not load resource 'VM_global_library.vm' from ResourceLoader org.apache.velocity.runtime.resource.loader.ClasspathResourceLoader: ClasspathResourceLoader Error: cannot find resource VM_global_library.vm
2020-04-09 12:13:19,258 - Velocimacro : Default library not found.
2020-04-09 12:13:19,258 - Velocimacro : allowInline = true : VMs can be defined inline in templates
2020-04-09 12:13:19,258 - Velocimacro : allowInlineToOverride = false : VMs defined inline may NOT replace previous VM definitions
2020-04-09 12:13:19,258 - Velocimacro : allowInlineLocal = false : VMs defined inline will be global in scope if allowed.
2020-04-09 12:13:19,258 - Velocimacro : autoload off : VM system will not automatically reload global library macros
2020-04-09 12:13:19,262 - ResourceManager : found templates/usersignup.vtl with loader org.apache.velocity.runtime.resource.loader.ClasspathResourceLoader
2020-04-09 12:13:31,009 - ResourceManager : found templates/usersignup.vtl with loader org.apache.velocity.runtime.resource.loader.ClasspathResourceLoader
2020-04-09 12:14:15,259 - Log4JLogChute initialized using file 'velocity.log'
2020-04-09 12:14:15,259 - Initializing Velocity, Calling init()...
2020-04-09 12:14:15,259 - Starting Apache Velocity v1.7 (compiled: 2010-11-19 12:14:37)
2020-04-09 12:14:15,259 - Default Properties File: org/apache/velocity/runtime/defaults/velocity.properties
2020-04-09 12:14:15,259 - Trying to use logger class org.apache.velocity.runtime.log.AvalonLogChute
2020-04-09 12:14:15,259 - Target log system for org.apache.velocity.runtime.log.AvalonLogChute is not available (java.lang.NoClassDefFoundError: org/apache/log/format/Formatter).  Falling back to next log system...
2020-04-09 12:14:15,259 - Trying to use logger class org.apache.velocity.runtime.log.Log4JLogChute
2020-04-09 12:14:15,259 - Using logger class org.apache.velocity.runtime.log.Log4JLogChute
2020-04-09 12:14:15,263 - ResourceLoader instantiated: org.apache.velocity.runtime.resource.loader.ClasspathResourceLoader
2020-04-09 12:14:15,277 - ResourceCache: initialized (class org.apache.velocity.runtime.resource.ResourceCacheImpl) with class java.util.Collections$SynchronizedMap cache map.
2020-04-09 12:14:15,278 - Loaded System Directive: org.apache.velocity.runtime.directive.Stop
2020-04-09 12:14:15,279 - Loaded System Directive: org.apache.velocity.runtime.directive.Define
2020-04-09 12:14:15,280 - Loaded System Directive: org.apache.velocity.runtime.directive.Break
2020-04-09 12:14:15,280 - Loaded System Directive: org.apache.velocity.runtime.directive.Evaluate
2020-04-09 12:14:15,280 - Loaded System Directive: org.apache.velocity.runtime.directive.Literal
2020-04-09 12:14:15,281 - Loaded System Directive: org.apache.velocity.runtime.directive.Macro
2020-04-09 12:14:15,283 - Loaded System Directive: org.apache.velocity.runtime.directive.Parse
2020-04-09 12:14:15,283 - Loaded System Directive: org.apache.velocity.runtime.directive.Include
2020-04-09 12:14:15,284 - Loaded System Directive: org.apache.velocity.runtime.directive.Foreach
2020-04-09 12:14:15,311 - Created '20' parsers.
2020-04-09 12:14:15,342 - Velocimacro : "velocimacro.library" is not set.  Trying default library: VM_global_library.vm
2020-04-09 12:14:15,343 - Could not load resource 'VM_global_library.vm' from ResourceLoader org.apache.velocity.runtime.resource.loader.ClasspathResourceLoader: ClasspathResourceLoader Error: cannot find resource VM_global_library.vm
2020-04-09 12:14:15,343 - Velocimacro : Default library not found.
2020-04-09 12:14:15,343 - Velocimacro : allowInline = true : VMs can be defined inline in templates
2020-04-09 12:14:15,343 - Velocimacro : allowInlineToOverride = false : VMs defined inline may NOT replace previous VM definitions
2020-04-09 12:14:15,343 - Velocimacro : allowInlineLocal = false : VMs defined inline will be global in scope if allowed.
2020-04-09 12:14:15,343 - Velocimacro : autoload off : VM system will not automatically reload global library macros
2020-04-09 12:14:15,357 - ResourceManager : found templates/usersignup.vtl with loader org.apache.velocity.runtime.resource.loader.ClasspathResourceLoader
2020-04-09 12:16:10,424 - Log4JLogChute initialized using file 'velocity.log'
2020-04-09 12:16:10,425 - Initializing Velocity, Calling init()...
2020-04-09 12:16:10,425 - Starting Apache Velocity v1.7 (compiled: 2010-11-19 12:14:37)
2020-04-09 12:16:10,425 - Default Properties File: org/apache/velocity/runtime/defaults/velocity.properties
2020-04-09 12:16:10,425 - Trying to use logger class org.apache.velocity.runtime.log.AvalonLogChute
2020-04-09 12:16:10,425 - Target log system for org.apache.velocity.runtime.log.AvalonLogChute is not available (java.lang.NoClassDefFoundError: org/apache/log/format/Formatter).  Falling back to next log system...
2020-04-09 12:16:10,425 - Trying to use logger class org.apache.velocity.runtime.log.Log4JLogChute
2020-04-09 12:16:10,425 - Using logger class org.apache.velocity.runtime.log.Log4JLogChute
2020-04-09 12:16:10,429 - ResourceLoader instantiated: org.apache.velocity.runtime.resource.loader.ClasspathResourceLoader
2020-04-09 12:16:10,441 - ResourceCache: initialized (class org.apache.velocity.runtime.resource.ResourceCacheImpl) with class java.util.Collections$SynchronizedMap cache map.
2020-04-09 12:16:10,443 - Loaded System Directive: org.apache.velocity.runtime.directive.Stop
2020-04-09 12:16:10,444 - Loaded System Directive: org.apache.velocity.runtime.directive.Define
2020-04-09 12:16:10,444 - Loaded System Directive: org.apache.velocity.runtime.directive.Break
2020-04-09 12:16:10,445 - Loaded System Directive: org.apache.velocity.runtime.directive.Evaluate
2020-04-09 12:16:10,446 - Loaded System Directive: org.apache.velocity.runtime.directive.Literal
2020-04-09 12:16:10,446 - Loaded System Directive: org.apache.velocity.runtime.directive.Macro
2020-04-09 12:16:10,447 - Loaded System Directive: org.apache.velocity.runtime.directive.Parse
2020-04-09 12:16:10,449 - Loaded System Directive: org.apache.velocity.runtime.directive.Include
2020-04-09 12:16:10,451 - Loaded System Directive: org.apache.velocity.runtime.directive.Foreach
2020-04-09 12:16:10,482 - Created '20' parsers.
2020-04-09 12:16:10,487 - Velocimacro : "velocimacro.library" is not set.  Trying default library: VM_global_library.vm
2020-04-09 12:16:10,488 - Could not load resource 'VM_global_library.vm' from ResourceLoader org.apache.velocity.runtime.resource.loader.ClasspathResourceLoader: ClasspathResourceLoader Error: cannot find resource VM_global_library.vm
2020-04-09 12:16:10,488 - Velocimacro : Default library not found.
2020-04-09 12:16:10,488 - Velocimacro : allowInline = true : VMs can be defined inline in templates
2020-04-09 12:16:10,488 - Velocimacro : allowInlineToOverride = false : VMs defined inline may NOT replace previous VM definitions
2020-04-09 12:16:10,488 - Velocimacro : allowInlineLocal = false : VMs defined inline will be global in scope if allowed.
2020-04-09 12:16:10,488 - Velocimacro : autoload off : VM system will not automatically reload global library macros
2020-04-09 12:16:10,508 - ResourceManager : found templates/homepage.vtl with loader org.apache.velocity.runtime.resource.loader.ClasspathResourceLoader
2020-04-09 12:16:13,507 - Log4JLogChute initialized using file 'velocity.log'
2020-04-09 12:16:13,507 - Log4JLogChute initialized using file 'velocity.log'
2020-04-09 12:16:13,507 - Initializing Velocity, Calling init()...
2020-04-09 12:16:13,507 - Initializing Velocity, Calling init()...
2020-04-09 12:16:13,507 - Starting Apache Velocity v1.7 (compiled: 2010-11-19 12:14:37)
2020-04-09 12:16:13,507 - Starting Apache Velocity v1.7 (compiled: 2010-11-19 12:14:37)
2020-04-09 12:16:13,507 - Default Properties File: org/apache/velocity/runtime/defaults/velocity.properties
2020-04-09 12:16:13,507 - Default Properties File: org/apache/velocity/runtime/defaults/velocity.properties
2020-04-09 12:16:13,507 - Trying to use logger class org.apache.velocity.runtime.log.AvalonLogChute
2020-04-09 12:16:13,507 - Trying to use logger class org.apache.velocity.runtime.log.AvalonLogChute
2020-04-09 12:16:13,507 - Target log system for org.apache.velocity.runtime.log.AvalonLogChute is not available (java.lang.NoClassDefFoundError: org/apache/log/format/Formatter).  Falling back to next log system...
2020-04-09 12:16:13,507 - Target log system for org.apache.velocity.runtime.log.AvalonLogChute is not available (java.lang.NoClassDefFoundError: org/apache/log/format/Formatter).  Falling back to next log system...
2020-04-09 12:16:13,508 - Trying to use logger class org.apache.velocity.runtime.log.Log4JLogChute
2020-04-09 12:16:13,508 - Trying to use logger class org.apache.velocity.runtime.log.Log4JLogChute
2020-04-09 12:16:13,508 - Using logger class org.apache.velocity.runtime.log.Log4JLogChute
2020-04-09 12:16:13,508 - Using logger class org.apache.velocity.runtime.log.Log4JLogChute
2020-04-09 12:16:13,508 - ResourceLoader instantiated: org.apache.velocity.runtime.resource.loader.ClasspathResourceLoader
2020-04-09 12:16:13,508 - ResourceLoader instantiated: org.apache.velocity.runtime.resource.loader.ClasspathResourceLoader
2020-04-09 12:16:13,508 - ResourceCache: initialized (class org.apache.velocity.runtime.resource.ResourceCacheImpl) with class java.util.Collections$SynchronizedMap cache map.
2020-04-09 12:16:13,508 - ResourceCache: initialized (class org.apache.velocity.runtime.resource.ResourceCacheImpl) with class java.util.Collections$SynchronizedMap cache map.
2020-04-09 12:16:13,509 - Loaded System Directive: org.apache.velocity.runtime.directive.Stop
2020-04-09 12:16:13,509 - Loaded System Directive: org.apache.velocity.runtime.directive.Stop
2020-04-09 12:16:13,509 - Loaded System Directive: org.apache.velocity.runtime.directive.Define
2020-04-09 12:16:13,509 - Loaded System Directive: org.apache.velocity.runtime.directive.Define
2020-04-09 12:16:13,509 - Loaded System Directive: org.apache.velocity.runtime.directive.Break
2020-04-09 12:16:13,509 - Loaded System Directive: org.apache.velocity.runtime.directive.Break
2020-04-09 12:16:13,509 - Loaded System Directive: org.apache.velocity.runtime.directive.Evaluate
2020-04-09 12:16:13,509 - Loaded System Directive: org.apache.velocity.runtime.directive.Evaluate
2020-04-09 12:16:13,509 - Loaded System Directive: org.apache.velocity.runtime.directive.Literal
2020-04-09 12:16:13,509 - Loaded System Directive: org.apache.velocity.runtime.directive.Literal
2020-04-09 12:16:13,509 - Loaded System Directive: org.apache.velocity.runtime.directive.Macro
2020-04-09 12:16:13,509 - Loaded System Directive: org.apache.velocity.runtime.directive.Macro
2020-04-09 12:16:13,509 - Loaded System Directive: org.apache.velocity.runtime.directive.Parse
2020-04-09 12:16:13,509 - Loaded System Directive: org.apache.velocity.runtime.directive.Parse
2020-04-09 12:16:13,509 - Loaded System Directive: org.apache.velocity.runtime.directive.Include
2020-04-09 12:16:13,509 - Loaded System Directive: org.apache.velocity.runtime.directive.Include
2020-04-09 12:16:13,509 - Loaded System Directive: org.apache.velocity.runtime.directive.Foreach
2020-04-09 12:16:13,509 - Loaded System Directive: org.apache.velocity.runtime.directive.Foreach
2020-04-09 12:16:13,511 - Created '20' parsers.
2020-04-09 12:16:13,511 - Created '20' parsers.
2020-04-09 12:16:13,512 - Velocimacro : "velocimacro.library" is not set.  Trying default library: VM_global_library.vm
2020-04-09 12:16:13,512 - Velocimacro : "velocimacro.library" is not set.  Trying default library: VM_global_library.vm
2020-04-09 12:16:13,512 - Could not load resource 'VM_global_library.vm' from ResourceLoader org.apache.velocity.runtime.resource.loader.ClasspathResourceLoader: ClasspathResourceLoader Error: cannot find resource VM_global_library.vm
2020-04-09 12:16:13,512 - Could not load resource 'VM_global_library.vm' from ResourceLoader org.apache.velocity.runtime.resource.loader.ClasspathResourceLoader: ClasspathResourceLoader Error: cannot find resource VM_global_library.vm
2020-04-09 12:16:13,512 - Velocimacro : Default library not found.
2020-04-09 12:16:13,512 - Velocimacro : Default library not found.
2020-04-09 12:16:13,512 - Velocimacro : allowInline = true : VMs can be defined inline in templates
2020-04-09 12:16:13,512 - Velocimacro : allowInline = true : VMs can be defined inline in templates
2020-04-09 12:16:13,512 - Velocimacro : allowInlineToOverride = false : VMs defined inline may NOT replace previous VM definitions
2020-04-09 12:16:13,512 - Velocimacro : allowInlineToOverride = false : VMs defined inline may NOT replace previous VM definitions
2020-04-09 12:16:13,512 - Velocimacro : allowInlineLocal = false : VMs defined inline will be global in scope if allowed.
2020-04-09 12:16:13,512 - Velocimacro : allowInlineLocal = false : VMs defined inline will be global in scope if allowed.
2020-04-09 12:16:13,512 - Velocimacro : autoload off : VM system will not automatically reload global library macros
2020-04-09 12:16:13,512 - Velocimacro : autoload off : VM system will not automatically reload global library macros
2020-04-09 12:16:13,514 - ResourceManager : found templates/usersignup.vtl with loader org.apache.velocity.runtime.resource.loader.ClasspathResourceLoader
2020-04-09 12:16:13,514 - ResourceManager : found templates/usersignup.vtl with loader org.apache.velocity.runtime.resource.loader.ClasspathResourceLoader
2020-04-09 12:16:16,202 - Log4JLogChute initialized using file 'velocity.log'
2020-04-09 12:16:16,202 - Log4JLogChute initialized using file 'velocity.log'
2020-04-09 12:16:16,202 - Log4JLogChute initialized using file 'velocity.log'
2020-04-09 12:16:16,202 - Initializing Velocity, Calling init()...
2020-04-09 12:16:16,202 - Initializing Velocity, Calling init()...
2020-04-09 12:16:16,202 - Initializing Velocity, Calling init()...
2020-04-09 12:16:16,202 - Starting Apache Velocity v1.7 (compiled: 2010-11-19 12:14:37)
2020-04-09 12:16:16,202 - Starting Apache Velocity v1.7 (compiled: 2010-11-19 12:14:37)
2020-04-09 12:16:16,202 - Starting Apache Velocity v1.7 (compiled: 2010-11-19 12:14:37)
2020-04-09 12:16:16,202 - Default Properties File: org/apache/velocity/runtime/defaults/velocity.properties
2020-04-09 12:16:16,202 - Default Properties File: org/apache/velocity/runtime/defaults/velocity.properties
2020-04-09 12:16:16,202 - Default Properties File: org/apache/velocity/runtime/defaults/velocity.properties
2020-04-09 12:16:16,202 - Trying to use logger class org.apache.velocity.runtime.log.AvalonLogChute
2020-04-09 12:16:16,202 - Trying to use logger class org.apache.velocity.runtime.log.AvalonLogChute
2020-04-09 12:16:16,202 - Trying to use logger class org.apache.velocity.runtime.log.AvalonLogChute
2020-04-09 12:16:16,202 - Target log system for org.apache.velocity.runtime.log.AvalonLogChute is not available (java.lang.NoClassDefFoundError: org/apache/log/format/Formatter).  Falling back to next log system...
2020-04-09 12:16:16,202 - Target log system for org.apache.velocity.runtime.log.AvalonLogChute is not available (java.lang.NoClassDefFoundError: org/apache/log/format/Formatter).  Falling back to next log system...
2020-04-09 12:16:16,202 - Target log system for org.apache.velocity.runtime.log.AvalonLogChute is not available (java.lang.NoClassDefFoundError: org/apache/log/format/Formatter).  Falling back to next log system...
2020-04-09 12:16:16,202 - Trying to use logger class org.apache.velocity.runtime.log.Log4JLogChute
2020-04-09 12:16:16,202 - Trying to use logger class org.apache.velocity.runtime.log.Log4JLogChute
2020-04-09 12:16:16,202 - Trying to use logger class org.apache.velocity.runtime.log.Log4JLogChute
2020-04-09 12:16:16,202 - Using logger class org.apache.velocity.runtime.log.Log4JLogChute
2020-04-09 12:16:16,202 - Using logger class org.apache.velocity.runtime.log.Log4JLogChute
2020-04-09 12:16:16,202 - Using logger class org.apache.velocity.runtime.log.Log4JLogChute
2020-04-09 12:16:16,202 - ResourceLoader instantiated: org.apache.velocity.runtime.resource.loader.ClasspathResourceLoader
2020-04-09 12:16:16,202 - ResourceLoader instantiated: org.apache.velocity.runtime.resource.loader.ClasspathResourceLoader
2020-04-09 12:16:16,202 - ResourceLoader instantiated: org.apache.velocity.runtime.resource.loader.ClasspathResourceLoader
2020-04-09 12:16:16,202 - ResourceCache: initialized (class org.apache.velocity.runtime.resource.ResourceCacheImpl) with class java.util.Collections$SynchronizedMap cache map.
2020-04-09 12:16:16,202 - ResourceCache: initialized (class org.apache.velocity.runtime.resource.ResourceCacheImpl) with class java.util.Collections$SynchronizedMap cache map.
2020-04-09 12:16:16,202 - ResourceCache: initialized (class org.apache.velocity.runtime.resource.ResourceCacheImpl) with class java.util.Collections$SynchronizedMap cache map.
2020-04-09 12:16:16,202 - Loaded System Directive: org.apache.velocity.runtime.directive.Stop
2020-04-09 12:16:16,202 - Loaded System Directive: org.apache.velocity.runtime.directive.Stop
2020-04-09 12:16:16,202 - Loaded System Directive: org.apache.velocity.runtime.directive.Stop
2020-04-09 12:16:16,202 - Loaded System Directive: org.apache.velocity.runtime.directive.Define
2020-04-09 12:16:16,202 - Loaded System Directive: org.apache.velocity.runtime.directive.Define
2020-04-09 12:16:16,202 - Loaded System Directive: org.apache.velocity.runtime.directive.Define
2020-04-09 12:16:16,202 - Loaded System Directive: org.apache.velocity.runtime.directive.Break
2020-04-09 12:16:16,202 - Loaded System Directive: org.apache.velocity.runtime.directive.Break
2020-04-09 12:16:16,202 - Loaded System Directive: org.apache.velocity.runtime.directive.Break
2020-04-09 12:16:16,203 - Loaded System Directive: org.apache.velocity.runtime.directive.Evaluate
2020-04-09 12:16:16,203 - Loaded System Directive: org.apache.velocity.runtime.directive.Evaluate
2020-04-09 12:16:16,203 - Loaded System Directive: org.apache.velocity.runtime.directive.Evaluate
2020-04-09 12:16:16,203 - Loaded System Directive: org.apache.velocity.runtime.directive.Literal
2020-04-09 12:16:16,203 - Loaded System Directive: org.apache.velocity.runtime.directive.Literal
2020-04-09 12:16:16,203 - Loaded System Directive: org.apache.velocity.runtime.directive.Literal
2020-04-09 12:16:16,203 - Loaded System Directive: org.apache.velocity.runtime.directive.Macro
2020-04-09 12:16:16,203 - Loaded System Directive: org.apache.velocity.runtime.directive.Macro
2020-04-09 12:16:16,203 - Loaded System Directive: org.apache.velocity.runtime.directive.Macro
2020-04-09 12:16:16,203 - Loaded System Directive: org.apache.velocity.runtime.directive.Parse
2020-04-09 12:16:16,203 - Loaded System Directive: org.apache.velocity.runtime.directive.Parse
2020-04-09 12:16:16,203 - Loaded System Directive: org.apache.velocity.runtime.directive.Parse
2020-04-09 12:16:16,203 - Loaded System Directive: org.apache.velocity.runtime.directive.Include
2020-04-09 12:16:16,203 - Loaded System Directive: org.apache.velocity.runtime.directive.Include
2020-04-09 12:16:16,203 - Loaded System Directive: org.apache.velocity.runtime.directive.Include
2020-04-09 12:16:16,203 - Loaded System Directive: org.apache.velocity.runtime.directive.Foreach
2020-04-09 12:16:16,203 - Loaded System Directive: org.apache.velocity.runtime.directive.Foreach
2020-04-09 12:16:16,203 - Loaded System Directive: org.apache.velocity.runtime.directive.Foreach
2020-04-09 12:16:16,203 - Created '20' parsers.
2020-04-09 12:16:16,203 - Created '20' parsers.
2020-04-09 12:16:16,203 - Created '20' parsers.
2020-04-09 12:16:16,203 - Velocimacro : "velocimacro.library" is not set.  Trying default library: VM_global_library.vm
2020-04-09 12:16:16,203 - Velocimacro : "velocimacro.library" is not set.  Trying default library: VM_global_library.vm
2020-04-09 12:16:16,203 - Velocimacro : "velocimacro.library" is not set.  Trying default library: VM_global_library.vm
2020-04-09 12:16:16,204 - Could not load resource 'VM_global_library.vm' from ResourceLoader org.apache.velocity.runtime.resource.loader.ClasspathResourceLoader: ClasspathResourceLoader Error: cannot find resource VM_global_library.vm
2020-04-09 12:16:16,204 - Could not load resource 'VM_global_library.vm' from ResourceLoader org.apache.velocity.runtime.resource.loader.ClasspathResourceLoader: ClasspathResourceLoader Error: cannot find resource VM_global_library.vm
2020-04-09 12:16:16,204 - Could not load resource 'VM_global_library.vm' from ResourceLoader org.apache.velocity.runtime.resource.loader.ClasspathResourceLoader: ClasspathResourceLoader Error: cannot find resource VM_global_library.vm
2020-04-09 12:16:16,204 - Velocimacro : Default library not found.
2020-04-09 12:16:16,204 - Velocimacro : Default library not found.
2020-04-09 12:16:16,204 - Velocimacro : Default library not found.
2020-04-09 12:16:16,204 - Velocimacro : allowInline = true : VMs can be defined inline in templates
2020-04-09 12:16:16,204 - Velocimacro : allowInline = true : VMs can be defined inline in templates
2020-04-09 12:16:16,204 - Velocimacro : allowInline = true : VMs can be defined inline in templates
2020-04-09 12:16:16,204 - Velocimacro : allowInlineToOverride = false : VMs defined inline may NOT replace previous VM definitions
2020-04-09 12:16:16,204 - Velocimacro : allowInlineToOverride = false : VMs defined inline may NOT replace previous VM definitions
2020-04-09 12:16:16,204 - Velocimacro : allowInlineToOverride = false : VMs defined inline may NOT replace previous VM definitions
2020-04-09 12:16:16,204 - Velocimacro : allowInlineLocal = false : VMs defined inline will be global in scope if allowed.
2020-04-09 12:16:16,204 - Velocimacro : allowInlineLocal = false : VMs defined inline will be global in scope if allowed.
2020-04-09 12:16:16,204 - Velocimacro : allowInlineLocal = false : VMs defined inline will be global in scope if allowed.
2020-04-09 12:16:16,204 - Velocimacro : autoload off : VM system will not automatically reload global library macros
2020-04-09 12:16:16,204 - Velocimacro : autoload off : VM system will not automatically reload global library macros
2020-04-09 12:16:16,204 - Velocimacro : autoload off : VM system will not automatically reload global library macros
2020-04-09 12:16:16,212 - ResourceManager : found templates/posts.vtl with loader org.apache.velocity.runtime.resource.loader.ClasspathResourceLoader
2020-04-09 12:16:16,212 - ResourceManager : found templates/posts.vtl with loader org.apache.velocity.runtime.resource.loader.ClasspathResourceLoader
2020-04-09 12:16:16,212 - ResourceManager : found templates/posts.vtl with loader org.apache.velocity.runtime.resource.loader.ClasspathResourceLoader
2020-04-09 12:16:20,019 - ResourceManager : found templates/usersignup.vtl with loader org.apache.velocity.runtime.resource.loader.ClasspathResourceLoader
2020-04-09 12:16:20,019 - ResourceManager : found templates/usersignup.vtl with loader org.apache.velocity.runtime.resource.loader.ClasspathResourceLoader
2020-04-09 12:16:20,019 - ResourceManager : found templates/usersignup.vtl with loader org.apache.velocity.runtime.resource.loader.ClasspathResourceLoader
2020-04-09 12:17:14,803 - Log4JLogChute initialized using file 'velocity.log'
2020-04-09 12:17:14,804 - Initializing Velocity, Calling init()...
2020-04-09 12:17:14,804 - Starting Apache Velocity v1.7 (compiled: 2010-11-19 12:14:37)
2020-04-09 12:17:14,804 - Default Properties File: org/apache/velocity/runtime/defaults/velocity.properties
2020-04-09 12:17:14,804 - Trying to use logger class org.apache.velocity.runtime.log.AvalonLogChute
2020-04-09 12:17:14,804 - Target log system for org.apache.velocity.runtime.log.AvalonLogChute is not available (java.lang.NoClassDefFoundError: org/apache/log/format/Formatter).  Falling back to next log system...
2020-04-09 12:17:14,804 - Trying to use logger class org.apache.velocity.runtime.log.Log4JLogChute
2020-04-09 12:17:14,804 - Using logger class org.apache.velocity.runtime.log.Log4JLogChute
2020-04-09 12:17:14,807 - ResourceLoader instantiated: org.apache.velocity.runtime.resource.loader.ClasspathResourceLoader
2020-04-09 12:17:14,818 - ResourceCache: initialized (class org.apache.velocity.runtime.resource.ResourceCacheImpl) with class java.util.Collections$SynchronizedMap cache map.
2020-04-09 12:17:14,820 - Loaded System Directive: org.apache.velocity.runtime.directive.Stop
2020-04-09 12:17:14,821 - Loaded System Directive: org.apache.velocity.runtime.directive.Define
2020-04-09 12:17:14,821 - Loaded System Directive: org.apache.velocity.runtime.directive.Break
2020-04-09 12:17:14,822 - Loaded System Directive: org.apache.velocity.runtime.directive.Evaluate
2020-04-09 12:17:14,822 - Loaded System Directive: org.apache.velocity.runtime.directive.Literal
2020-04-09 12:17:14,823 - Loaded System Directive: org.apache.velocity.runtime.directive.Macro
2020-04-09 12:17:14,824 - Loaded System Directive: org.apache.velocity.runtime.directive.Parse
2020-04-09 12:17:14,825 - Loaded System Directive: org.apache.velocity.runtime.directive.Include
2020-04-09 12:17:14,827 - Loaded System Directive: org.apache.velocity.runtime.directive.Foreach
2020-04-09 12:17:14,865 - Created '20' parsers.
2020-04-09 12:17:14,874 - Velocimacro : "velocimacro.library" is not set.  Trying default library: VM_global_library.vm
2020-04-09 12:17:14,875 - Could not load resource 'VM_global_library.vm' from ResourceLoader org.apache.velocity.runtime.resource.loader.ClasspathResourceLoader: ClasspathResourceLoader Error: cannot find resource VM_global_library.vm
2020-04-09 12:17:14,875 - Velocimacro : Default library not found.
2020-04-09 12:17:14,875 - Velocimacro : allowInline = true : VMs can be defined inline in templates
2020-04-09 12:17:14,875 - Velocimacro : allowInlineToOverride = false : VMs defined inline may NOT replace previous VM definitions
2020-04-09 12:17:14,875 - Velocimacro : allowInlineLocal = false : VMs defined inline will be global in scope if allowed.
2020-04-09 12:17:14,875 - Velocimacro : autoload off : VM system will not automatically reload global library macros
2020-04-09 12:17:14,888 - ResourceManager : found templates/homepage.vtl with loader org.apache.velocity.runtime.resource.loader.ClasspathResourceLoader
2020-04-09 12:17:16,490 - Log4JLogChute initialized using file 'velocity.log'
2020-04-09 12:17:16,490 - Log4JLogChute initialized using file 'velocity.log'
2020-04-09 12:17:16,490 - Initializing Velocity, Calling init()...
2020-04-09 12:17:16,490 - Initializing Velocity, Calling init()...
2020-04-09 12:17:16,490 - Starting Apache Velocity v1.7 (compiled: 2010-11-19 12:14:37)
2020-04-09 12:17:16,490 - Starting Apache Velocity v1.7 (compiled: 2010-11-19 12:14:37)
2020-04-09 12:17:16,490 - Default Properties File: org/apache/velocity/runtime/defaults/velocity.properties
2020-04-09 12:17:16,490 - Default Properties File: org/apache/velocity/runtime/defaults/velocity.properties
2020-04-09 12:17:16,490 - Trying to use logger class org.apache.velocity.runtime.log.AvalonLogChute
2020-04-09 12:17:16,490 - Trying to use logger class org.apache.velocity.runtime.log.AvalonLogChute
2020-04-09 12:17:16,490 - Target log system for org.apache.velocity.runtime.log.AvalonLogChute is not available (java.lang.NoClassDefFoundError: org/apache/log/format/Formatter).  Falling back to next log system...
2020-04-09 12:17:16,490 - Target log system for org.apache.velocity.runtime.log.AvalonLogChute is not available (java.lang.NoClassDefFoundError: org/apache/log/format/Formatter).  Falling back to next log system...
2020-04-09 12:17:16,490 - Trying to use logger class org.apache.velocity.runtime.log.Log4JLogChute
2020-04-09 12:17:16,490 - Trying to use logger class org.apache.velocity.runtime.log.Log4JLogChute
2020-04-09 12:17:16,490 - Using logger class org.apache.velocity.runtime.log.Log4JLogChute
2020-04-09 12:17:16,490 - Using logger class org.apache.velocity.runtime.log.Log4JLogChute
2020-04-09 12:17:16,491 - ResourceLoader instantiated: org.apache.velocity.runtime.resource.loader.ClasspathResourceLoader
2020-04-09 12:17:16,491 - ResourceLoader instantiated: org.apache.velocity.runtime.resource.loader.ClasspathResourceLoader
2020-04-09 12:17:16,491 - ResourceCache: initialized (class org.apache.velocity.runtime.resource.ResourceCacheImpl) with class java.util.Collections$SynchronizedMap cache map.
2020-04-09 12:17:16,491 - ResourceCache: initialized (class org.apache.velocity.runtime.resource.ResourceCacheImpl) with class java.util.Collections$SynchronizedMap cache map.
2020-04-09 12:17:16,491 - Loaded System Directive: org.apache.velocity.runtime.directive.Stop
2020-04-09 12:17:16,491 - Loaded System Directive: org.apache.velocity.runtime.directive.Stop
2020-04-09 12:17:16,491 - Loaded System Directive: org.apache.velocity.runtime.directive.Define
2020-04-09 12:17:16,491 - Loaded System Directive: org.apache.velocity.runtime.directive.Define
2020-04-09 12:17:16,491 - Loaded System Directive: org.apache.velocity.runtime.directive.Break
2020-04-09 12:17:16,491 - Loaded System Directive: org.apache.velocity.runtime.directive.Break
2020-04-09 12:17:16,491 - Loaded System Directive: org.apache.velocity.runtime.directive.Evaluate
2020-04-09 12:17:16,491 - Loaded System Directive: org.apache.velocity.runtime.directive.Evaluate
2020-04-09 12:17:16,491 - Loaded System Directive: org.apache.velocity.runtime.directive.Literal
2020-04-09 12:17:16,491 - Loaded System Directive: org.apache.velocity.runtime.directive.Literal
2020-04-09 12:17:16,491 - Loaded System Directive: org.apache.velocity.runtime.directive.Macro
2020-04-09 12:17:16,491 - Loaded System Directive: org.apache.velocity.runtime.directive.Macro
2020-04-09 12:17:16,491 - Loaded System Directive: org.apache.velocity.runtime.directive.Parse
2020-04-09 12:17:16,491 - Loaded System Directive: org.apache.velocity.runtime.directive.Parse
2020-04-09 12:17:16,492 - Loaded System Directive: org.apache.velocity.runtime.directive.Include
2020-04-09 12:17:16,492 - Loaded System Directive: org.apache.velocity.runtime.directive.Include
2020-04-09 12:17:16,492 - Loaded System Directive: org.apache.velocity.runtime.directive.Foreach
2020-04-09 12:17:16,492 - Loaded System Directive: org.apache.velocity.runtime.directive.Foreach
2020-04-09 12:17:16,492 - Created '20' parsers.
2020-04-09 12:17:16,492 - Created '20' parsers.
2020-04-09 12:17:16,493 - Velocimacro : "velocimacro.library" is not set.  Trying default library: VM_global_library.vm
2020-04-09 12:17:16,493 - Velocimacro : "velocimacro.library" is not set.  Trying default library: VM_global_library.vm
2020-04-09 12:17:16,493 - Could not load resource 'VM_global_library.vm' from ResourceLoader org.apache.velocity.runtime.resource.loader.ClasspathResourceLoader: ClasspathResourceLoader Error: cannot find resource VM_global_library.vm
2020-04-09 12:17:16,493 - Could not load resource 'VM_global_library.vm' from ResourceLoader org.apache.velocity.runtime.resource.loader.ClasspathResourceLoader: ClasspathResourceLoader Error: cannot find resource VM_global_library.vm
2020-04-09 12:17:16,493 - Velocimacro : Default library not found.
2020-04-09 12:17:16,493 - Velocimacro : Default library not found.
2020-04-09 12:17:16,493 - Velocimacro : allowInline = true : VMs can be defined inline in templates
2020-04-09 12:17:16,493 - Velocimacro : allowInline = true : VMs can be defined inline in templates
2020-04-09 12:17:16,493 - Velocimacro : allowInlineToOverride = false : VMs defined inline may NOT replace previous VM definitions
2020-04-09 12:17:16,493 - Velocimacro : allowInlineToOverride = false : VMs defined inline may NOT replace previous VM definitions
2020-04-09 12:17:16,493 - Velocimacro : allowInlineLocal = false : VMs defined inline will be global in scope if allowed.
2020-04-09 12:17:16,493 - Velocimacro : allowInlineLocal = false : VMs defined inline will be global in scope if allowed.
2020-04-09 12:17:16,493 - Velocimacro : autoload off : VM system will not automatically reload global library macros
2020-04-09 12:17:16,493 - Velocimacro : autoload off : VM system will not automatically reload global library macros
2020-04-09 12:17:16,494 - ResourceManager : found templates/usersignup.vtl with loader org.apache.velocity.runtime.resource.loader.ClasspathResourceLoader
2020-04-09 12:17:16,494 - ResourceManager : found templates/usersignup.vtl with loader org.apache.velocity.runtime.resource.loader.ClasspathResourceLoader
2020-04-09 12:17:19,040 - Log4JLogChute initialized using file 'velocity.log'
2020-04-09 12:17:19,040 - Log4JLogChute initialized using file 'velocity.log'
2020-04-09 12:17:19,040 - Log4JLogChute initialized using file 'velocity.log'
2020-04-09 12:17:19,040 - Initializing Velocity, Calling init()...
2020-04-09 12:17:19,040 - Initializing Velocity, Calling init()...
2020-04-09 12:17:19,040 - Initializing Velocity, Calling init()...
2020-04-09 12:17:19,040 - Starting Apache Velocity v1.7 (compiled: 2010-11-19 12:14:37)
2020-04-09 12:17:19,040 - Starting Apache Velocity v1.7 (compiled: 2010-11-19 12:14:37)
2020-04-09 12:17:19,040 - Starting Apache Velocity v1.7 (compiled: 2010-11-19 12:14:37)
2020-04-09 12:17:19,040 - Default Properties File: org/apache/velocity/runtime/defaults/velocity.properties
2020-04-09 12:17:19,040 - Default Properties File: org/apache/velocity/runtime/defaults/velocity.properties
2020-04-09 12:17:19,040 - Default Properties File: org/apache/velocity/runtime/defaults/velocity.properties
2020-04-09 12:17:19,040 - Trying to use logger class org.apache.velocity.runtime.log.AvalonLogChute
2020-04-09 12:17:19,040 - Trying to use logger class org.apache.velocity.runtime.log.AvalonLogChute
2020-04-09 12:17:19,040 - Trying to use logger class org.apache.velocity.runtime.log.AvalonLogChute
2020-04-09 12:17:19,040 - Target log system for org.apache.velocity.runtime.log.AvalonLogChute is not available (java.lang.NoClassDefFoundError: org/apache/log/format/Formatter).  Falling back to next log system...
2020-04-09 12:17:19,040 - Target log system for org.apache.velocity.runtime.log.AvalonLogChute is not available (java.lang.NoClassDefFoundError: org/apache/log/format/Formatter).  Falling back to next log system...
2020-04-09 12:17:19,040 - Target log system for org.apache.velocity.runtime.log.AvalonLogChute is not available (java.lang.NoClassDefFoundError: org/apache/log/format/Formatter).  Falling back to next log system...
2020-04-09 12:17:19,040 - Trying to use logger class org.apache.velocity.runtime.log.Log4JLogChute
2020-04-09 12:17:19,040 - Trying to use logger class org.apache.velocity.runtime.log.Log4JLogChute
2020-04-09 12:17:19,040 - Trying to use logger class org.apache.velocity.runtime.log.Log4JLogChute
2020-04-09 12:17:19,040 - Using logger class org.apache.velocity.runtime.log.Log4JLogChute
2020-04-09 12:17:19,040 - Using logger class org.apache.velocity.runtime.log.Log4JLogChute
2020-04-09 12:17:19,040 - Using logger class org.apache.velocity.runtime.log.Log4JLogChute
2020-04-09 12:17:19,040 - ResourceLoader instantiated: org.apache.velocity.runtime.resource.loader.ClasspathResourceLoader
2020-04-09 12:17:19,040 - ResourceLoader instantiated: org.apache.velocity.runtime.resource.loader.ClasspathResourceLoader
2020-04-09 12:17:19,040 - ResourceLoader instantiated: org.apache.velocity.runtime.resource.loader.ClasspathResourceLoader
2020-04-09 12:17:19,040 - ResourceCache: initialized (class org.apache.velocity.runtime.resource.ResourceCacheImpl) with class java.util.Collections$SynchronizedMap cache map.
2020-04-09 12:17:19,040 - ResourceCache: initialized (class org.apache.velocity.runtime.resource.ResourceCacheImpl) with class java.util.Collections$SynchronizedMap cache map.
2020-04-09 12:17:19,040 - ResourceCache: initialized (class org.apache.velocity.runtime.resource.ResourceCacheImpl) with class java.util.Collections$SynchronizedMap cache map.
2020-04-09 12:17:19,040 - Loaded System Directive: org.apache.velocity.runtime.directive.Stop
2020-04-09 12:17:19,040 - Loaded System Directive: org.apache.velocity.runtime.directive.Stop
2020-04-09 12:17:19,040 - Loaded System Directive: org.apache.velocity.runtime.directive.Stop
2020-04-09 12:17:19,040 - Loaded System Directive: org.apache.velocity.runtime.directive.Define
2020-04-09 12:17:19,040 - Loaded System Directive: org.apache.velocity.runtime.directive.Define
2020-04-09 12:17:19,040 - Loaded System Directive: org.apache.velocity.runtime.directive.Define
2020-04-09 12:17:19,041 - Loaded System Directive: org.apache.velocity.runtime.directive.Break
2020-04-09 12:17:19,041 - Loaded System Directive: org.apache.velocity.runtime.directive.Break
2020-04-09 12:17:19,041 - Loaded System Directive: org.apache.velocity.runtime.directive.Break
2020-04-09 12:17:19,041 - Loaded System Directive: org.apache.velocity.runtime.directive.Evaluate
2020-04-09 12:17:19,041 - Loaded System Directive: org.apache.velocity.runtime.directive.Evaluate
2020-04-09 12:17:19,041 - Loaded System Directive: org.apache.velocity.runtime.directive.Evaluate
2020-04-09 12:17:19,041 - Loaded System Directive: org.apache.velocity.runtime.directive.Literal
2020-04-09 12:17:19,041 - Loaded System Directive: org.apache.velocity.runtime.directive.Literal
2020-04-09 12:17:19,041 - Loaded System Directive: org.apache.velocity.runtime.directive.Literal
2020-04-09 12:17:19,041 - Loaded System Directive: org.apache.velocity.runtime.directive.Macro
2020-04-09 12:17:19,041 - Loaded System Directive: org.apache.velocity.runtime.directive.Macro
2020-04-09 12:17:19,041 - Loaded System Directive: org.apache.velocity.runtime.directive.Macro
2020-04-09 12:17:19,041 - Loaded System Directive: org.apache.velocity.runtime.directive.Parse
2020-04-09 12:17:19,041 - Loaded System Directive: org.apache.velocity.runtime.directive.Parse
2020-04-09 12:17:19,041 - Loaded System Directive: org.apache.velocity.runtime.directive.Parse
2020-04-09 12:17:19,041 - Loaded System Directive: org.apache.velocity.runtime.directive.Include
2020-04-09 12:17:19,041 - Loaded System Directive: org.apache.velocity.runtime.directive.Include
2020-04-09 12:17:19,041 - Loaded System Directive: org.apache.velocity.runtime.directive.Include
2020-04-09 12:17:19,041 - Loaded System Directive: org.apache.velocity.runtime.directive.Foreach
2020-04-09 12:17:19,041 - Loaded System Directive: org.apache.velocity.runtime.directive.Foreach
2020-04-09 12:17:19,041 - Loaded System Directive: org.apache.velocity.runtime.directive.Foreach
2020-04-09 12:17:19,042 - Created '20' parsers.
2020-04-09 12:17:19,042 - Created '20' parsers.
2020-04-09 12:17:19,042 - Created '20' parsers.
2020-04-09 12:17:19,042 - Velocimacro : "velocimacro.library" is not set.  Trying default library: VM_global_library.vm
2020-04-09 12:17:19,042 - Velocimacro : "velocimacro.library" is not set.  Trying default library: VM_global_library.vm
2020-04-09 12:17:19,042 - Velocimacro : "velocimacro.library" is not set.  Trying default library: VM_global_library.vm
2020-04-09 12:17:19,042 - Could not load resource 'VM_global_library.vm' from ResourceLoader org.apache.velocity.runtime.resource.loader.ClasspathResourceLoader: ClasspathResourceLoader Error: cannot find resource VM_global_library.vm
2020-04-09 12:17:19,042 - Could not load resource 'VM_global_library.vm' from ResourceLoader org.apache.velocity.runtime.resource.loader.ClasspathResourceLoader: ClasspathResourceLoader Error: cannot find resource VM_global_library.vm
2020-04-09 12:17:19,042 - Could not load resource 'VM_global_library.vm' from ResourceLoader org.apache.velocity.runtime.resource.loader.ClasspathResourceLoader: ClasspathResourceLoader Error: cannot find resource VM_global_library.vm
2020-04-09 12:17:19,042 - Velocimacro : Default library not found.
2020-04-09 12:17:19,042 - Velocimacro : Default library not found.
2020-04-09 12:17:19,042 - Velocimacro : Default library not found.
2020-04-09 12:17:19,042 - Velocimacro : allowInline = true : VMs can be defined inline in templates
2020-04-09 12:17:19,042 - Velocimacro : allowInline = true : VMs can be defined inline in templates
2020-04-09 12:17:19,042 - Velocimacro : allowInline = true : VMs can be defined inline in templates
2020-04-09 12:17:19,042 - Velocimacro : allowInlineToOverride = false : VMs defined inline may NOT replace previous VM definitions
2020-04-09 12:17:19,042 - Velocimacro : allowInlineToOverride = false : VMs defined inline may NOT replace previous VM definitions
2020-04-09 12:17:19,042 - Velocimacro : allowInlineToOverride = false : VMs defined inline may NOT replace previous VM definitions
2020-04-09 12:17:19,042 - Velocimacro : allowInlineLocal = false : VMs defined inline will be global in scope if allowed.
2020-04-09 12:17:19,042 - Velocimacro : allowInlineLocal = false : VMs defined inline will be global in scope if allowed.
2020-04-09 12:17:19,042 - Velocimacro : allowInlineLocal = false : VMs defined inline will be global in scope if allowed.
2020-04-09 12:17:19,042 - Velocimacro : autoload off : VM system will not automatically reload global library macros
2020-04-09 12:17:19,042 - Velocimacro : autoload off : VM system will not automatically reload global library macros
2020-04-09 12:17:19,042 - Velocimacro : autoload off : VM system will not automatically reload global library macros
2020-04-09 12:17:19,050 - ResourceManager : found templates/posts.vtl with loader org.apache.velocity.runtime.resource.loader.ClasspathResourceLoader
2020-04-09 12:17:19,050 - ResourceManager : found templates/posts.vtl with loader org.apache.velocity.runtime.resource.loader.ClasspathResourceLoader
2020-04-09 12:17:19,050 - ResourceManager : found templates/posts.vtl with loader org.apache.velocity.runtime.resource.loader.ClasspathResourceLoader
